/home/oracle/xls/MakeGood/MakeGood_050920071500.xls
/home/oracle/xls/DailyCatering/DailyCatering_050920071500.xls
/home/oracle/xls/MissingWithCarton/MissingWithCarton_050920075500.xls
/home/oracle/xls/ECPDaily/ECPDaily_050920075000.xls
/home/oracle/xls/LateReport/LateReport_050921004500.xls
/home/oracle/xls/PreviousDayOrders/PreviousDayOrders_050920133000.prn
/home/oracle/xls/MissingBoxes/MissingBoxes_050920075500.xls
/home/oracle/xls/ExpansionRollingWeek/ExpansionRollingWeek_050920075500.xls
/home/oracle/xls/ExpansionAll/ExpansionAll_050920080000.xls
/home/oracle/xls/FirstOrder/FirstOrder_050920200000.xls
/home/oracle/xls/NoSettlement/NoSettlement_050920183000.prn
/home/oracle/xls/NoSettlement/NoSettlement_050920184509.prn
/home/oracle/xls/NoSettlement/NoSettlement_050920184705.prn
/home/oracle/xls/NoSettlement/NoSettlement_050920184724.prn
/home/oracle/xls/NoSettlement/NoSettlement_050920184802.prn
/home/oracle/xls/NoSettlement/NoSettlement_050920184826.prn
/home/oracle/xls/NoSettlement/NoSettlement_050920184913.prn
/home/oracle/xls/NoSettlement/NoSettlement_050920185235.prn
/home/oracle/xls/NoSettlement/NoSettlement_050920185305.prn
/home/oracle/xls/NoSettlement/NoSettlement_050920185328.prn
/home/oracle/xls/NoSettlement/NoSettlement_050920185348.prn
/home/oracle/xls/NoSettlement/NoSettlement_050920185512.prn
