

***********************************************************************
Fatal NI connect error 12545, connecting to:
 (DESCRIPTION=(ADDRESS=(PROTOCOL=TCP)(HOST=db1.nyc2.freshdirect.com)(PORT=1521))(CONNECT_DATA=(SERVER=DEDICATED)(SERVICE_NAME=DBSTO01.nyc.freshdirect.com)(CID=(PROGRAM=)(HOST=dw1.nyc1.freshdirect.com)(USER=oracle))))

  VERSION INFORMATION:
	TNS for Linux: Version 9.2.0.1.0 - Production
	TCP/IP NT Protocol Adapter for Linux: Version 9.2.0.1.0 - Production
  Time: 20-DEC-2004 07:45:22
  Tracing not turned on.
  Tns error struct:
    nr err code: 0
    ns main err code: 12545
    TNS-12545: Connect failed because target host or object does not exist
    ns secondary err code: 12560
    nt main err code: 515
    TNS-00515: Connect failed because target host or object does not exist
    nt secondary err code: 2
    nt OS err code: 0


***********************************************************************
Fatal NI connect error 12545, connecting to:
 (DESCRIPTION=(ADDRESS=(PROTOCOL=TCP)(HOST=db1.nyc2.freshdirect.com)(PORT=1521))(CONNECT_DATA=(SERVER=DEDICATED)(SERVICE_NAME=DBSTO01.nyc.freshdirect.com)(CID=(PROGRAM=)(HOST=dw1.nyc1.freshdirect.com)(USER=oracle))))

  VERSION INFORMATION:
	TNS for Linux: Version 9.2.0.1.0 - Production
	TCP/IP NT Protocol Adapter for Linux: Version 9.2.0.1.0 - Production
  Time: 20-DEC-2004 07:46:31
  Tracing not turned on.
  Tns error struct:
    nr err code: 0
    ns main err code: 12545
    TNS-12545: Connect failed because target host or object does not exist
    ns secondary err code: 12560
    nt main err code: 515
    TNS-00515: Connect failed because target host or object does not exist
    nt secondary err code: 2
    nt OS err code: 0
